<?xml version="1.0" encoding="UTF-8"?>
<testsuite xmlns:xsi="http://www.w3.org/2001/XMLSchema-instance" xsi:noNamespaceSchemaLocation="https://maven.apache.org/surefire/maven-surefire-plugin/xsd/surefire-test-report-3.0.xsd" version="3.0" name="runner.TestRunner" time="6.272" tests="6" errors="0" skipped="0" failures="0">
  <properties>
[...]
</properties>
  <testcase name="Validate if DELETE product API status code works correctly" classname="Delete product using DELETE API" time="1.386">
    <system-out><![CDATA[200
{"id":7,"title":"White Gold Plated Princess","price":9.99,"description":"Classic Created Wedding Engagement Solitaire Diamond Promise Ring for Her. Gifts to spoil your love more for Engagement, Wedding, Anniversary, Valentine's Day...","category":"jewelery","image":"https://fakestoreapi.com/img/71YAIFU48IL._AC_UL640_QL65_ML3_.jpg","rating":{"rate":3,"count":400}}
]]></system-out>
  </testcase>
  <testcase name="Verify the get api for the products" classname="Get all products from the api" time="0.876"/>
  <testcase name="Verify the rate of the first product is correct" classname="Get all products from the api" time="1.187"/>
  <testcase name="Validate if POST product API status code works correctly" classname="Insert product using POST API" time="1.068">
    <system-out><![CDATA[200
{"id":21}
]]></system-out>
  </testcase>
  <testcase name="Validate if POST product API response works correctly" classname="Insert product using POST API" time="1.092">
    <system-out><![CDATA[200
{"id":21}
]]></system-out>
  </testcase>
  <testcase name="Validate if PUT product API status code works correctly" classname="Update product using PUT API" time="0.531">
    <system-out><![CDATA[200
{"id":7}
]]></system-out>
  </testcase>
</testsuite>