<?xml version="1.0" encoding="UTF-8"?>
<testsuite xmlns:xsi="http://www.w3.org/2001/XMLSchema-instance" xsi:noNamespaceSchemaLocation="https://maven.apache.org/surefire/maven-surefire-plugin/xsd/surefire-test-report-3.0.xsd" version="3.0" name="runner.TestRunner" time="6.365" tests="6" errors="0" skipped="0" failures="0">
  <properties>
[...]
</properties>
  <testcase name="Validate if DELETE product API status code works correctly" classname="Delete product using DELETE API" time="1.316">
    <system-out><![CDATA[
Scenario Outline: Validate if DELETE product API status code works correctly &amp#27;[90m# src/test/java/features/DeleteProduct.feature:9&amp#27;[0m
  &amp#27;[32mGiven &amp#27;[0m&amp#27;[32mI hit the url of delete products api endpoint&amp#27;[0m                        &amp#27;[90m# stepdefinitions.Products.iHitTheUrlOfDeleteProductsApiEndpoint()&amp#27;[0m
200
{"id":7,"title":"White Gold Plated Princess","price":9.99,"description":"Classic Created Wedding Engagement Solitaire Diamond Promise Ring for Her. Gifts to spoil your love more for Engagement, Wedding, Anniversary, Valentine's Day...","category":"jewelery","image":"https://fakestoreapi.com/img/71YAIFU48IL._AC_UL640_QL65_ML3_.jpg","rating":{"rate":3,"count":400}}
DELETE successful.

  &amp#27;[32mWhen &amp#27;[0m&amp#27;[32mI pass the url of products in the delete request with &amp#27;[0m&amp#27;[32m&amp#27;[1m7&amp#27;[0m               &amp#27;[90m# stepdefinitions.Products.iPassTheUrlOfProductsInTheDeleteRequestWithProductNumber(int)&amp#27;[0m
  &amp#27;[32mThen &amp#27;[0m&amp#27;[32mI receive the response code as &amp#27;[0m&amp#27;[32m&amp#27;[1m200&amp#27;[0m                                    &amp#27;[90m# stepdefinitions.Products.i_receive_the_response_code_as(int)&amp#27;[0m
]]></system-out>
  </testcase>
  <testcase name="Verify the get api for the products" classname="Get all products from the api" time="0.942">
    <system-out><![CDATA[
Scenario: Verify the get api for the products      &amp#27;[90m# src/test/java/features/GetProducts.feature:3&amp#27;[0m
  &amp#27;[32mGiven &amp#27;[0m&amp#27;[32mI hit the url of get products api endpoint&amp#27;[0m &amp#27;[90m# stepdefinitions.Products.i_hit_the_url_of_get_products_api_endpoint()&amp#27;[0m
  &amp#27;[32mWhen &amp#27;[0m&amp#27;[32mI pass the url of products in the request&amp#27;[0m   &amp#27;[90m# stepdefinitions.Products.i_pass_the_url_of_products_in_the_request()&amp#27;[0m
  &amp#27;[32mThen &amp#27;[0m&amp#27;[32mI receive the response code as &amp#27;[0m&amp#27;[32m&amp#27;[1m200&amp#27;[0m          &amp#27;[90m# stepdefinitions.Products.i_receive_the_response_code_as(int)&amp#27;[0m
]]></system-out>
  </testcase>
  <testcase name="Verify the rate of the first product is correct" classname="Get all products from the api" time="1.186">
    <system-out><![CDATA[
Scenario Outline: Verify the rate of the first product is correct &amp#27;[90m# src/test/java/features/GetProducts.feature:14&amp#27;[0m
  &amp#27;[32mGiven &amp#27;[0m&amp#27;[32mI hit the url of get products api endpoint&amp#27;[0m                &amp#27;[90m# stepdefinitions.Products.i_hit_the_url_of_get_products_api_endpoint()&amp#27;[0m
  &amp#27;[32mWhen &amp#27;[0m&amp#27;[32mI pass the url of products in the request&amp#27;[0m                  &amp#27;[90m# stepdefinitions.Products.i_pass_the_url_of_products_in_the_request()&amp#27;[0m
Rate = 3.9
GET successful.

  &amp#27;[32mThen &amp#27;[0m&amp#27;[32mI verify that the rate of the first product is &amp#27;[0m&amp#27;[32m&amp#27;[1m3.9&amp#27;[0m         &amp#27;[90m# stepdefinitions.Products.iVerifyThatTheRateOfTheFirstProductIsRate(java.lang.String)&amp#27;[0m
]]></system-out>
  </testcase>
  <testcase name="Validate if POST product API status code works correctly" classname="Insert product using POST API" time="1.055">
    <system-out><![CDATA[
Scenario Outline: Validate if POST product API status code works correctly &amp#27;[90m# src/test/java/features/InsertProduct.feature:10&amp#27;[0m
  &amp#27;[32mGiven &amp#27;[0m&amp#27;[32mI hit the url of post products api endpoint&amp#27;[0m                        &amp#27;[90m# stepdefinitions.Products.iHitTheUrlOfPostProductsApiEndpoint()&amp#27;[0m
  &amp#27;[32mWhen &amp#27;[0m&amp#27;[32mI pass the url of products in the request&amp#27;[0m                           &amp#27;[90m# stepdefinitions.Products.i_pass_the_url_of_products_in_the_request()&amp#27;[0m
200
{"id":21}
POST successful.

  &amp#27;[32mAnd &amp#27;[0m&amp#27;[32mI pass the request body of product title &amp#27;[0m&amp#27;[32m&amp#27;[1mShoes&amp#27;[0m                       &amp#27;[90m# stepdefinitions.Products.iPassTheRequestBodyOfProductTitleProductTitle(java.lang.String)&amp#27;[0m
  &amp#27;[32mThen &amp#27;[0m&amp#27;[32mI receive the response code as &amp#27;[0m&amp#27;[32m&amp#27;[1m200&amp#27;[0m                                  &amp#27;[90m# stepdefinitions.Products.i_receive_the_response_code_as(int)&amp#27;[0m
]]></system-out>
  </testcase>
  <testcase name="Validate if POST product API response works correctly" classname="Insert product using POST API" time="1.083">
    <system-out><![CDATA[
Scenario Outline: Validate if POST product API response works correctly &amp#27;[90m# src/test/java/features/InsertProduct.feature:19&amp#27;[0m
  &amp#27;[32mGiven &amp#27;[0m&amp#27;[32mI hit the url of post products api endpoint&amp#27;[0m                     &amp#27;[90m# stepdefinitions.Products.iHitTheUrlOfPostProductsApiEndpoint()&amp#27;[0m
  &amp#27;[32mWhen &amp#27;[0m&amp#27;[32mI pass the url of products in the request&amp#27;[0m                        &amp#27;[90m# stepdefinitions.Products.i_pass_the_url_of_products_in_the_request()&amp#27;[0m
200
{"id":21}
POST successful.

  &amp#27;[32mAnd &amp#27;[0m&amp#27;[32mI pass the request body of product title &amp#27;[0m&amp#27;[32m&amp#27;[1mShoes&amp#27;[0m                    &amp#27;[90m# stepdefinitions.Products.iPassTheRequestBodyOfProductTitleProductTitle(java.lang.String)&amp#27;[0m
  &amp#27;[32mThen &amp#27;[0m&amp#27;[32mI receive the response body with id as &amp#27;[0m&amp#27;[32m&amp#27;[1m21&amp#27;[0m                        &amp#27;[90m# stepdefinitions.Products.iReceiveTheResponseBodyWithIdAsId(java.lang.String)&amp#27;[0m
]]></system-out>
  </testcase>
  <testcase name="Validate if PUT product API status code works correctly" classname="Update product using PUT API" time="0.528">
    <system-out><![CDATA[
Scenario Outline: Validate if PUT product API status code works correctly &amp#27;[90m# src/test/java/features/UpdateProduct.feature:9&amp#27;[0m
  &amp#27;[32mGiven &amp#27;[0m&amp#27;[32mI hit the url of post products api endpoint&amp#27;[0m                       &amp#27;[90m# stepdefinitions.Products.iHitTheUrlOfPostProductsApiEndpoint()&amp#27;[0m
200
{"id":7}
PUT successful.

  &amp#27;[32mWhen &amp#27;[0m&amp#27;[32mI pass the url of products in the request with &amp#27;[0m&amp#27;[32m&amp#27;[1m7&amp#27;[0m                   &amp#27;[90m# stepdefinitions.Products.iPassTheUrlOfProductsInTheRequestWithProductNumber(int)&amp#27;[0m
  &amp#27;[32mThen &amp#27;[0m&amp#27;[32mI receive the response code as &amp#27;[0m&amp#27;[32m&amp#27;[1m200&amp#27;[0m                                 &amp#27;[90m# stepdefinitions.Products.i_receive_the_response_code_as(int)&amp#27;[0m
]]></system-out>
  </testcase>
</testsuite>